2024-07-04 23:12:33.408 +04:00  INF  Application started. Press Ctrl+C to shut down.
2024-07-04 23:12:33.481 +04:00  INF  Request starting HTTP/2 GET https://localhost:44325/swagger/index.html - -
2024-07-04 23:12:33.488 +04:00  INF  Hosting environment: Development
2024-07-04 23:12:33.488 +04:00  INF  Content root path: C:\Users\FX706HE\Desktop\APIv2\API-ArchitecturePrac\API-ArchitecturePrac\
2024-07-04 23:12:33.836 +04:00  INF  Request finished HTTP/2 GET https://localhost:44325/swagger/index.html - - - 200 - text/html;charset=utf-8 357.9479ms
2024-07-04 23:12:33.853 +04:00  INF  Request starting HTTP/2 GET https://localhost:44325/_framework/aspnetcore-browser-refresh.js - -
2024-07-04 23:12:33.857 +04:00  INF  Request finished HTTP/2 GET https://localhost:44325/_framework/aspnetcore-browser-refresh.js - - - 200 13776 application/javascript;+charset=utf-8 3.2315ms
2024-07-04 23:12:33.861 +04:00  INF  Request starting HTTP/2 GET https://localhost:44325/_vs/browserLink - -
2024-07-04 23:12:33.921 +04:00  INF  Request finished HTTP/2 GET https://localhost:44325/_vs/browserLink - - - 200 - text/javascript;+charset=UTF-8 59.7955ms
2024-07-04 23:12:33.963 +04:00  INF  Request starting HTTP/2 GET https://localhost:44325/swagger/v1/swagger.json - -
2024-07-04 23:12:34.039 +04:00  INF  Request finished HTTP/2 GET https://localhost:44325/swagger/v1/swagger.json - - - 200 - application/json;charset=utf-8 75.9375ms
2024-07-04 23:12:52.240 +04:00  INF  Request starting HTTP/2 GET https://localhost:44325/api/City/GetAll - -
2024-07-04 23:12:52.248 +04:00  INF  Executing endpoint 'API_ArchitecturePrac.Controllers.CityController.GetAll (API-ArchitecturePrac)'
2024-07-04 23:12:52.265 +04:00  INF  Route matched with {action = "GetAll", controller = "City"}. Executing controller action with signature System.Threading.Tasks.Task`1[Microsoft.AspNetCore.Mvc.IActionResult] GetAll() on controller API_ArchitecturePrac.Controllers.CityController (API-ArchitecturePrac).
2024-07-04 23:12:53.045 +04:00  INF  Entity Framework Core 6.0.31 initialized 'AppDbContext' using provider 'Microsoft.EntityFrameworkCore.SqlServer:6.0.31' with options: None
2024-07-04 23:12:53.119 +04:00  INF  Get all method working
2024-07-04 23:12:54.003 +04:00  INF  Executed DbCommand (30ms) [Parameters=[], CommandType='"Text"', CommandTimeout='30']
SELECT [c].[Id], [c].[CountryId], [c].[CreatedDate], [c].[Name], [c].[Population], [c0].[Id], [c0].[CreatedDate], [c0].[Name]
FROM [Cities] AS [c]
INNER JOIN [Countries] AS [c0] ON [c].[CountryId] = [c0].[Id]
2024-07-04 23:12:54.080 +04:00  INF  Executing OkObjectResult, writing value of type 'System.Collections.Generic.List`1[[Service.DTOs.Cities.CityDto, Service, Version=1.0.0.0, Culture=neutral, PublicKeyToken=null]]'.
2024-07-04 23:12:54.087 +04:00  INF  Executed action API_ArchitecturePrac.Controllers.CityController.GetAll (API-ArchitecturePrac) in 1817.4935ms
2024-07-04 23:12:54.087 +04:00  INF  Executed endpoint 'API_ArchitecturePrac.Controllers.CityController.GetAll (API-ArchitecturePrac)'
2024-07-04 23:12:54.090 +04:00  INF  Request finished HTTP/2 GET https://localhost:44325/api/City/GetAll - - - 200 - application/json;+charset=utf-8 1850.4863ms
